<?xml version="1.0" encoding="UTF-8"?>
<!-- Generated by org.testng.reporters.JUnitReportReporter -->
<testsuite hostname="BUH-M-TQDFVH" failures="0" tests="4" name="GoProTests.QAtest" time="0.000" errors="0" timestamp="30 Aug 2019 12:47:58 GMT" skipped="4">
  <testcase classname="GoProTests.QAtest" name="addcamera" time="0.000">
    <skipped/>
  </testcase> <!-- addcamera -->
  <testcase classname="GoProTests.QAtest" name="remove1stcamera" time="0.000">
    <skipped/>
  </testcase> <!-- remove1stcamera -->
  <testcase classname="GoProTests.QAtest" name="remove2ndcamera" time="0.000">
    <skipped/>
  </testcase> <!-- remove2ndcamera -->
  <testcase classname="GoProTests.QAtest" name="negativetesting" time="0.000">
    <skipped/>
  </testcase> <!-- negativetesting -->
</testsuite> <!-- GoProTests.QAtest -->
